Determining if the pthread_create exist failed with the following output:
Change Dir: /home/wejczhu/Andy/Interface/netradio/server/build/CMakeFiles/CMakeTmp

Run Build Command:"/usr/bin/make" "cmTC_2e193/fast"
/usr/bin/make -f CMakeFiles/cmTC_2e193.dir/build.make CMakeFiles/cmTC_2e193.dir/build
make[1]: Entering directory '/home/wejczhu/Andy/Interface/netradio/server/build/CMakeFiles/CMakeTmp'
Building C object CMakeFiles/cmTC_2e193.dir/CheckSymbolExists.c.o
/usr/bin/cc    -o CMakeFiles/cmTC_2e193.dir/CheckSymbolExists.c.o   -c /home/wejczhu/Andy/Interface/netradio/server/build/CMakeFiles/CMakeTmp/CheckSymbolExists.c
Linking C executable cmTC_2e193
/usr/bin/cmake -E cmake_link_script CMakeFiles/cmTC_2e193.dir/link.txt --verbose=1
/usr/bin/cc      -rdynamic CMakeFiles/cmTC_2e193.dir/CheckSymbolExists.c.o  -o cmTC_2e193 
CMakeFiles/cmTC_2e193.dir/CheckSymbolExists.c.o: In function `main':
CheckSymbolExists.c:(.text+0x1b): undefined reference to `pthread_create'
collect2: error: ld returned 1 exit status
CMakeFiles/cmTC_2e193.dir/build.make:97: recipe for target 'cmTC_2e193' failed
make[1]: *** [cmTC_2e193] Error 1
make[1]: Leaving directory '/home/wejczhu/Andy/Interface/netradio/server/build/CMakeFiles/CMakeTmp'
Makefile:126: recipe for target 'cmTC_2e193/fast' failed
make: *** [cmTC_2e193/fast] Error 2

File /home/wejczhu/Andy/Interface/netradio/server/build/CMakeFiles/CMakeTmp/CheckSymbolExists.c:
/* */
#include <pthread.h>

int main(int argc, char** argv)
{
  (void)argv;
#ifndef pthread_create
  return ((int*)(&pthread_create))[argc];
#else
  (void)argc;
  return 0;
#endif
}

